0 info it worked if it ends with ok
1 verbose cli [ '/Users/Jcompsta/.nvm/versions/node/v6.6.0/bin/node',
1 verbose cli   '/Users/Jcompsta/.nvm/versions/node/v6.6.0/bin/npm',
1 verbose cli   'run',
1 verbose cli   'serve' ]
2 info using npm@3.10.3
3 info using node@v6.6.0
4 verbose stack Error: Invalid name: "Gif Central"
4 verbose stack     at ensureValidName (/Users/Jcompsta/.nvm/versions/node/v6.6.0/lib/node_modules/npm/node_modules/normalize-package-data/lib/fixer.js:336:15)
4 verbose stack     at Object.fixNameField (/Users/Jcompsta/.nvm/versions/node/v6.6.0/lib/node_modules/npm/node_modules/normalize-package-data/lib/fixer.js:215:5)
4 verbose stack     at /Users/Jcompsta/.nvm/versions/node/v6.6.0/lib/node_modules/npm/node_modules/normalize-package-data/lib/normalize.js:32:38
4 verbose stack     at Array.forEach (native)
4 verbose stack     at normalize (/Users/Jcompsta/.nvm/versions/node/v6.6.0/lib/node_modules/npm/node_modules/normalize-package-data/lib/normalize.js:31:15)
4 verbose stack     at final (/Users/Jcompsta/.nvm/versions/node/v6.6.0/lib/node_modules/npm/node_modules/read-package-json/read-json.js:349:5)
4 verbose stack     at then (/Users/Jcompsta/.nvm/versions/node/v6.6.0/lib/node_modules/npm/node_modules/read-package-json/read-json.js:124:5)
4 verbose stack     at ReadFileContext.<anonymous> (/Users/Jcompsta/.nvm/versions/node/v6.6.0/lib/node_modules/npm/node_modules/read-package-json/read-json.js:295:20)
4 verbose stack     at ReadFileContext.callback (/Users/Jcompsta/.nvm/versions/node/v6.6.0/lib/node_modules/npm/node_modules/graceful-fs/graceful-fs.js:78:16)
4 verbose stack     at FSReqWrap.readFileAfterOpen [as oncomplete] (fs.js:365:13)
5 verbose cwd /Users/Jcompsta/temp/gif-central
6 error Darwin 15.6.0
7 error argv "/Users/Jcompsta/.nvm/versions/node/v6.6.0/bin/node" "/Users/Jcompsta/.nvm/versions/node/v6.6.0/bin/npm" "run" "serve"
8 error node v6.6.0
9 error npm  v3.10.3
10 error Invalid name: "Gif Central"
11 error If you need help, you may report this error at:
11 error     <https://github.com/npm/npm/issues>
12 verbose exit [ 1, true ]
